Running pplacer v1.1.alpha19-0-g807f6f3 analysis on extra_info/checkm_lineage_wf_out/storage/tree/concatenated.fasta...
Didn't find any reference sequences in given alignment file. Using supplied reference alignment.
Pre-masking sequences... sequence length cut from 6988 to 6857.
Warning: pplacer results make the most sense when the given tree is multifurcating at the root. See manual for details.
Determining figs... figs disabled.
Allocating memory for internal nodes... done.
Caching likelihood information on reference tree... done.
Pulling exponents... done.
Preparing the edges for baseball... done.
working on Bacteroidetes_bacterium_OLB11 (1/23)...
working on Parcubacteria_bacterium_OLB19 (2/23)...
working on Chlorobi_bacterium_OLB7 (3/23)...
working on Bacteroidetes_bacterium_OLB12 (4/23)...
working on Bacteroidetes_bacterium_OLB10 (5/23)...
working on Bacteroidetes_bacterium_OLB9 (6/23)...
working on Chloroflexi_bacterium_OLB13 (7/23)...
working on Chlorobi_bacterium_OLB6 (8/23)...
working on Chlorobi_bacterium_OLB4 (9/23)...
working on Chloroflexi_bacterium_OLB14 (10/23)...
working on Chlorobi_bacterium_OLB5 (11/23)...
working on candidate_division_WS6_bacterium_OLB20 (12/23)...
working on Candidatus_Brocadia_sinica (13/23)...
working on Microgenomates_bacterium_OLB22 (14/23)...
working on Nitrospira_sp._OLB3 (15/23)...
working on Acidobacteria_bacterium_OLB17 (16/23)...
working on Microgenomates_bacterium_OLB23 (17/23)...
working on Nitrosomonas_europaea (18/23)...
working on Armatimonadetes_bacterium_OLB18 (19/23)...
working on Chloroflexi_bacterium_OLB15 (20/23)...
working on Omnitrophica_bacterium_OLB16 (21/23)...
working on candidate_division_WS6_bacterium_OLB21 (22/23)...
working on Bacteroidetes_bacterium_OLB8 (23/23)...
